<?xml version="1.0" encoding="UTF-8"?>
<testng-results ignored="0" total="7" passed="7" failed="0" skipped="0">
  <reporter-output>
  </reporter-output>
  <suite started-at="2023-07-26T13:05:33 IST" name="Default suite" finished-at="2023-07-26T13:08:03 IST" duration-ms="150437">
    <groups>
      <group name="cucumber">
        <method signature="AbstractTestNGCucumberTests.runScenario(io.cucumber.testng.PickleWrapper,io.cucumber.testng.FeatureWrapper)[pri:0, instance:com.Cyclos_Core_Four_RunnerFile.AccInfoRunner@3e27aa33]" name="runScenario" class="io.cucumber.testng.AbstractTestNGCucumberTests"/>
      </group> <!-- cucumber -->
    </groups>
    <test started-at="2023-07-26T13:05:33 IST" name="Default test" finished-at="2023-07-26T13:08:03 IST" duration-ms="150437">
      <class name="com.Cyclos_Core_Four_RunnerFile.AccInfoRunner">
        <test-method is-config="true" signature="setUpClass(org.testng.ITestContext)[pri:0, instance:com.Cyclos_Core_Four_RunnerFile.AccInfoRunner@3e27aa33]" started-at="2023-07-26T13:05:33 IST" name="setUpClass" finished-at="2023-07-26T13:05:34 IST" duration-ms="1268" status="PASS">
          <params>
            <param index="0">
              <value>
                <![CDATA[org.testng.TestRunner@5b59c3d]]>
              </value>
            </param>
          </params>
          <reporter-output>
          </reporter-output>
        </test-method> <!-- setUpClass -->
        <test-method signature="runScenario(io.cucumber.testng.PickleWrapper,io.cucumber.testng.FeatureWrapper)[pri:0, instance:com.Cyclos_Core_Four_RunnerFile.AccInfoRunner@3e27aa33]" started-at="2023-07-26T13:05:34 IST" name="runScenario" description="Runs Cucumber Scenarios" data-provider="scenarios" finished-at="2023-07-26T13:05:58 IST" duration-ms="24099" status="PASS">
          <params>
            <param index="0">
              <value>
                <![CDATA["Banking Functioality of Cyclos Application"]]>
              </value>
            </param>
            <param index="1">
              <value>
                <![CDATA["Optional[Account information of Cyclos Web Application]"]]>
              </value>
            </param>
          </params>
          <reporter-output>
          </reporter-output>
        </test-method> <!-- runScenario -->
        <test-method signature="runScenario(io.cucumber.testng.PickleWrapper,io.cucumber.testng.FeatureWrapper)[pri:0, instance:com.Cyclos_Core_Four_RunnerFile.AccInfoRunner@3e27aa33]" started-at="2023-07-26T13:05:58 IST" name="runScenario" description="Runs Cucumber Scenarios" data-provider="scenarios" finished-at="2023-07-26T13:06:28 IST" duration-ms="29346" status="PASS">
          <params>
            <param index="0">
              <value>
                <![CDATA["user check the current balance"]]>
              </value>
            </param>
            <param index="1">
              <value>
                <![CDATA["Optional[Account information of Cyclos Web Application]"]]>
              </value>
            </param>
          </params>
          <reporter-output>
          </reporter-output>
        </test-method> <!-- runScenario -->
        <test-method signature="runScenario(io.cucumber.testng.PickleWrapper,io.cucumber.testng.FeatureWrapper)[pri:0, instance:com.Cyclos_Core_Four_RunnerFile.AccInfoRunner@3e27aa33]" started-at="2023-07-26T13:06:28 IST" name="runScenario" description="Runs Cucumber Scenarios" data-provider="scenarios" finished-at="2023-07-26T13:06:44 IST" duration-ms="16299" status="PASS">
          <params>
            <param index="0">
              <value>
                <![CDATA["user should check the payment history"]]>
              </value>
            </param>
            <param index="1">
              <value>
                <![CDATA["Optional[Account information of Cyclos Web Application]"]]>
              </value>
            </param>
          </params>
          <reporter-output>
          </reporter-output>
        </test-method> <!-- runScenario -->
        <test-method signature="runScenario(io.cucumber.testng.PickleWrapper,io.cucumber.testng.FeatureWrapper)[pri:0, instance:com.Cyclos_Core_Four_RunnerFile.AccInfoRunner@3e27aa33]" started-at="2023-07-26T13:06:44 IST" name="runScenario" description="Runs Cucumber Scenarios" data-provider="scenarios" finished-at="2023-07-26T13:07:06 IST" duration-ms="21899" status="PASS">
          <params>
            <param index="0">
              <value>
                <![CDATA["print and export payments"]]>
              </value>
            </param>
            <param index="1">
              <value>
                <![CDATA["Optional[Account information of Cyclos Web Application]"]]>
              </value>
            </param>
          </params>
          <reporter-output>
          </reporter-output>
        </test-method> <!-- runScenario -->
        <test-method signature="runScenario(io.cucumber.testng.PickleWrapper,io.cucumber.testng.FeatureWrapper)[pri:0, instance:com.Cyclos_Core_Four_RunnerFile.AccInfoRunner@3e27aa33]" started-at="2023-07-26T13:07:06 IST" name="runScenario" description="Runs Cucumber Scenarios" data-provider="scenarios" finished-at="2023-07-26T13:07:30 IST" duration-ms="24310" status="PASS">
          <params>
            <param index="0">
              <value>
                <![CDATA["Searching the payments"]]>
              </value>
            </param>
            <param index="1">
              <value>
                <![CDATA["Optional[Account information of Cyclos Web Application]"]]>
              </value>
            </param>
          </params>
          <reporter-output>
          </reporter-output>
        </test-method> <!-- runScenario -->
        <test-method signature="runScenario(io.cucumber.testng.PickleWrapper,io.cucumber.testng.FeatureWrapper)[pri:0, instance:com.Cyclos_Core_Four_RunnerFile.AccInfoRunner@3e27aa33]" started-at="2023-07-26T13:07:30 IST" name="runScenario" description="Runs Cucumber Scenarios" data-provider="scenarios" finished-at="2023-07-26T13:07:46 IST" duration-ms="15656" status="PASS">
          <params>
            <param index="0">
              <value>
                <![CDATA["view payment details"]]>
              </value>
            </param>
            <param index="1">
              <value>
                <![CDATA["Optional[Account information of Cyclos Web Application]"]]>
              </value>
            </param>
          </params>
          <reporter-output>
          </reporter-output>
        </test-method> <!-- runScenario -->
        <test-method signature="runScenario(io.cucumber.testng.PickleWrapper,io.cucumber.testng.FeatureWrapper)[pri:0, instance:com.Cyclos_Core_Four_RunnerFile.AccInfoRunner@3e27aa33]" started-at="2023-07-26T13:07:46 IST" name="runScenario" description="Runs Cucumber Scenarios" data-provider="scenarios" finished-at="2023-07-26T13:07:59 IST" duration-ms="13056" status="PASS">
          <params>
            <param index="0">
              <value>
                <![CDATA["payment details should be print"]]>
              </value>
            </param>
            <param index="1">
              <value>
                <![CDATA["Optional[Account information of Cyclos Web Application]"]]>
              </value>
            </param>
          </params>
          <reporter-output>
          </reporter-output>
        </test-method> <!-- runScenario -->
        <test-method is-config="true" signature="tearDownClass()[pri:0, instance:com.Cyclos_Core_Four_RunnerFile.AccInfoRunner@3e27aa33]" started-at="2023-07-26T13:07:59 IST" name="tearDownClass" finished-at="2023-07-26T13:08:03 IST" duration-ms="4429" status="PASS">
          <reporter-output>
          </reporter-output>
        </test-method> <!-- tearDownClass -->
      </class> <!-- com.Cyclos_Core_Four_RunnerFile.AccInfoRunner -->
    </test> <!-- Default test -->
  </suite> <!-- Default suite -->
</testng-results>
